0 info it worked if it ends with ok
1 verbose cli [ '/Users/baahmac/.nvm/versions/node/v6.12.0/bin/node',
1 verbose cli   '/Users/baahmac/.nvm/versions/node/v6.12.0/bin/npm',
1 verbose cli   'run',
1 verbose cli   'serve:dev' ]
2 info using npm@3.10.10
3 info using node@v6.12.0
4 verbose run-script [ 'preserve:dev', 'serve:dev', 'postserve:dev' ]
5 info lifecycle react-starter@1.0.0~preserve:dev: react-starter@1.0.0
6 silly lifecycle react-starter@1.0.0~preserve:dev: no script for preserve:dev, continuing
7 info lifecycle react-starter@1.0.0~serve:dev: react-starter@1.0.0
8 verbose lifecycle react-starter@1.0.0~serve:dev: unsafe-perm in lifecycle true
9 verbose lifecycle react-starter@1.0.0~serve:dev: PATH: /Users/baahmac/.nvm/versions/node/v6.12.0/lib/node_modules/npm/bin/node-gyp-bin:/Users/baahmac/Documents/intheloop/client/node_modules/.bin:/Users/baahmac/Documents/intheloop/client/node_modules/.bin:/Users/baahmac/.config/yarn/link/node_modules/.bin:/Users/baahmac/Documents/intheloop/client/node_modules/.bin:/Users/baahmac/.config/yarn/link/node_modules/.bin:/Users/baahmac/.nvm/versions/node/v6.12.0/libexec/lib/node_modules/npm/bin/node-gyp-bin:/Users/baahmac/.nvm/versions/node/v6.12.0/lib/node_modules/npm/bin/node-gyp-bin:/Users/baahmac/.nvm/versions/node/v6.12.0/bin/node_modules/npm/bin/node-gyp-bin:/Users/baahmac/.avn/bin:/Users/baahmac/.nvm/versions/node/v6.12.0/bin:/usr/local/bin:/usr/bin:/bin:/usr/sbin:/sbin:/Users/baahmac/bin
10 verbose lifecycle react-starter@1.0.0~serve:dev: CWD: /Users/baahmac/Documents/intheloop/client
11 silly lifecycle react-starter@1.0.0~serve:dev: Args: [ '-c', 'webpack-dev-server --env.env=dev --hot' ]
12 silly lifecycle react-starter@1.0.0~serve:dev: Returned: code: 1  signal: null
13 info lifecycle react-starter@1.0.0~serve:dev: Failed to exec serve:dev script
14 verbose stack Error: react-starter@1.0.0 serve:dev: `webpack-dev-server --env.env=dev --hot`
14 verbose stack Exit status 1
14 verbose stack     at EventEmitter.<anonymous> (/Users/baahmac/.nvm/versions/node/v6.12.0/lib/node_modules/npm/lib/utils/lifecycle.js:255:16)
14 verbose stack     at emitTwo (events.js:106:13)
14 verbose stack     at EventEmitter.emit (events.js:191:7)
14 verbose stack     at ChildProcess.<anonymous> (/Users/baahmac/.nvm/versions/node/v6.12.0/lib/node_modules/npm/lib/utils/spawn.js:40:14)
14 verbose stack     at emitTwo (events.js:106:13)
14 verbose stack     at ChildProcess.emit (events.js:191:7)
14 verbose stack     at maybeClose (internal/child_process.js:920:16)
14 verbose stack     at Process.ChildProcess._handle.onexit (internal/child_process.js:230:5)
15 verbose pkgid react-starter@1.0.0
16 verbose cwd /Users/baahmac/Documents/intheloop/client
17 error Darwin 16.7.0
18 error argv "/Users/baahmac/.nvm/versions/node/v6.12.0/bin/node" "/Users/baahmac/.nvm/versions/node/v6.12.0/bin/npm" "run" "serve:dev"
19 error node v6.12.0
20 error npm  v3.10.10
21 error code ELIFECYCLE
22 error react-starter@1.0.0 serve:dev: `webpack-dev-server --env.env=dev --hot`
22 error Exit status 1
23 error Failed at the react-starter@1.0.0 serve:dev script 'webpack-dev-server --env.env=dev --hot'.
23 error Make sure you have the latest version of node.js and npm installed.
23 error If you do, this is most likely a problem with the react-starter package,
23 error not with npm itself.
23 error Tell the author that this fails on your system:
23 error     webpack-dev-server --env.env=dev --hot
23 error You can get information on how to open an issue for this project with:
23 error     npm bugs react-starter
23 error Or if that isn't available, you can get their info via:
23 error     npm owner ls react-starter
23 error There is likely additional logging output above.
24 verbose exit [ 1, true ]
